\BOOKMARK [1][-]{section.1}{\376\377\213\315\154\325\122\006\147\220\126\150}{}% 1
\BOOKMARK [2][-]{subsection.1.1}{\376\377\145\164\117\123\147\266\147\204\116\016\133\127\173\046\142\153\143\317}{section.1}% 2
\BOOKMARK [2][-]{subsection.1.2}{\376\377\131\032\133\127\173\046\217\320\173\227\173\046\116\016\121\163\225\056\133\127\213\306\122\053}{section.1}% 3
\BOOKMARK [2][-]{subsection.1.3}{\376\377\133\127\173\046\116\062\116\016\133\127\173\046\136\070\221\317}{section.1}% 4
\BOOKMARK [2][-]{subsection.1.4}{\376\377\000T\000o\000k\000e\000n\000\040\217\223\121\372\116\016\225\031\213\357\131\004\164\006}{section.1}% 5
\BOOKMARK [1][-]{section.2}{\376\377\213\355\154\325\122\006\147\220\126\150}{}% 6
\BOOKMARK [2][-]{subsection.2.1}{\376\377\220\022\137\122\116\013\226\115\000\040\000P\000a\000r\000s\000e\000r\000\040\166\204\213\276\213\241}{section.2}% 7
\BOOKMARK [2][-]{subsection.2.2}{\376\377\162\171\153\212\213\355\154\325\176\323\147\204\166\204\131\004\164\006}{section.2}% 8
\BOOKMARK [2][-]{subsection.2.3}{\376\377\225\031\213\357\131\004\164\006\173\126\165\145}{section.2}% 9
\BOOKMARK [1][-]{section.3}{\376\377\213\355\116\111\122\006\147\220}{}% 10
\BOOKMARK [2][-]{subsection.3.1}{\376\377\173\046\123\367\210\150\213\276\213\241}{section.3}% 11
\BOOKMARK [2][-]{subsection.3.2}{\376\377\174\173\127\213\143\250\145\255\211\304\122\031}{section.3}% 12
\BOOKMARK [2][-]{subsection.3.3}{\376\377\174\173\127\213\150\300\147\345}{section.3}% 13
\BOOKMARK [1][-]{section.4}{\376\377\000M\000a\000n\000d\000r\000i\000l\000l\000\040\177\026\213\321\126\150}{}% 14
\BOOKMARK [2][-]{subsection.4.1}{\376\377\116\055\225\364\116\343\170\001\116\016\116\343\170\001\165\037\142\020\173\126\165\145}{section.4}% 15
\BOOKMARK [2][-]{subsection.4.2}{\376\377\143\247\122\066\155\101\177\373\213\321}{section.4}% 16
\BOOKMARK [2][-]{subsection.4.3}{\376\377\121\375\145\160\214\003\165\050\166\204\177\373\213\321}{section.4}% 17
\BOOKMARK [2][-]{subsection.4.4}{\376\377\145\160\176\304\116\016\133\127\173\046\116\062\166\204\131\004\164\006}{section.4}% 18
\BOOKMARK [2][-]{subsection.4.5}{\376\377\154\107\177\026\152\041\142\337\126\150\142\147\210\114}{section.4}% 19
\BOOKMARK [1][-]{section.5}{\376\377\137\303\137\227\117\123\117\032}{}% 20
\BOOKMARK [1][-]{section.6}{\376\377\140\073\176\323}{}% 21
\BOOKMARK [1][-]{appendix.A}{\376\377\000A\000I\000\040\117\177\165\050\140\305\121\265\213\364\146\016}{}% 22
\BOOKMARK [2][-]{subsection.A.1}{\376\377\117\177\165\050\130\360\146\016}{appendix.A}% 23
\BOOKMARK [2][-]{subsection.A.2}{\376\377\213\346\176\306\117\177\165\050\213\260\137\125}{appendix.A}% 24
\BOOKMARK [2][-]{subsection.A.3}{\376\377\213\332\117\341\142\177\213\372}{appendix.A}% 25
\BOOKMARK [1][-]{appendix.B}{\376\377\123\302\200\003\145\207\163\056}{}% 26
