\BOOKMARK [1][-]{section.1}{\376\377\133\236\215\365\166\356\166\204\116\016\133\236\232\214\163\257\130\203}{}% 1
\BOOKMARK [2][-]{subsection.1.1}{\376\377\133\236\215\365\166\356\166\204}{section.1}% 2
\BOOKMARK [2][-]{subsection.1.2}{\376\377\133\236\232\214\163\257\130\203}{section.1}% 3
\BOOKMARK [2][-]{subsection.1.3}{\376\377\213\346\176\306\153\145\232\244}{section.1}% 4
\BOOKMARK [1][-]{section.2}{\376\377\000M\000a\000n\000d\000r\000i\000l\000l\000\040\0002\000\040\213\355\212\000\151\202\217\360}{}% 5
\BOOKMARK [2][-]{subsection.2.1}{\376\377\123\237\164\006\226\020\217\360}{section.2}% 6
\BOOKMARK [2][-]{subsection.2.2}{\376\377\213\355\212\000\162\171\140\047}{section.2}% 7
\BOOKMARK [2][-]{subsection.2.3}{\376\377\177\026\213\321\155\101\172\013\126\376}{section.2}% 8
\BOOKMARK [2][-]{subsection.2.4}{\376\377\176\323\147\234\122\006\147\220}{section.2}% 9
\BOOKMARK [1][-]{section.3}{\376\377\213\315\154\325\122\006\147\220\126\150}{}% 10
\BOOKMARK [2][-]{subsection.3.1}{\376\377\123\237\164\006\226\020\217\360}{section.3}% 11
\BOOKMARK [2][-]{subsection.3.2}{\376\377\213\346\176\306\153\145\232\244}{section.3}% 12
\BOOKMARK [2][-]{subsection.3.3}{\376\377\176\323\147\234\122\006\147\220}{section.3}% 13
\BOOKMARK [2][-]{subsection.3.4}{\376\377\225\356\230\230\116\016\211\343\121\263\145\271\150\110}{section.3}% 14
\BOOKMARK [1][-]{section.4}{\376\377\213\355\154\325\122\006\147\220\126\150}{}% 15
\BOOKMARK [2][-]{subsection.4.1}{\376\377\123\237\164\006\226\020\217\360}{section.4}% 16
\BOOKMARK [2][-]{subsection.4.2}{\376\377\213\346\176\306\153\145\232\244}{section.4}% 17
\BOOKMARK [2][-]{subsection.4.3}{\376\377\176\323\147\234\122\006\147\220}{section.4}% 18
\BOOKMARK [2][-]{subsection.4.4}{\376\377\225\356\230\230\116\016\211\343\121\263\145\271\150\110}{section.4}% 19
\BOOKMARK [1][-]{section.5}{\376\377\213\355\116\111\150\300\147\345\126\150}{}% 20
\BOOKMARK [2][-]{subsection.5.1}{\376\377\123\237\164\006\226\020\217\360}{section.5}% 21
\BOOKMARK [2][-]{subsection.5.2}{\376\377\213\346\176\306\153\145\232\244}{section.5}% 22
\BOOKMARK [2][-]{subsection.5.3}{\376\377\176\323\147\234\122\006\147\220}{section.5}% 23
\BOOKMARK [2][-]{subsection.5.4}{\376\377\225\356\230\230\116\016\211\343\121\263\145\271\150\110}{section.5}% 24
\BOOKMARK [1][-]{section.6}{\376\377\000M\000a\000n\000d\000r\000i\000l\000l\000\040\0002\000\040\206\132\142\337\147\072\116\016\116\343\170\001\165\037\142\020\126\150}{}% 25
\BOOKMARK [2][-]{subsection.6.1}{\376\377\123\237\164\006\226\020\217\360}{section.6}% 26
\BOOKMARK [2][-]{subsection.6.2}{\376\377\213\346\176\306\153\145\232\244}{section.6}% 27
\BOOKMARK [2][-]{subsection.6.3}{\376\377\177\026\213\321\126\150\116\016\152\041\142\337\126\150\213\364\146\016}{section.6}% 28
\BOOKMARK [2][-]{subsection.6.4}{\376\377\176\323\147\234\122\006\147\220}{section.6}% 29
\BOOKMARK [2][-]{subsection.6.5}{\376\377\225\356\230\230\116\016\211\343\121\263\145\271\150\110}{section.6}% 30
\BOOKMARK [1][-]{section.7}{\376\377\176\323\147\234\122\006\147\220\116\016\225\356\230\230\211\343\121\263}{}% 31
\BOOKMARK [2][-]{subsection.7.1}{\376\377\176\374\124\010\176\323\147\234\122\006\147\220}{section.7}% 32
\BOOKMARK [2][-]{subsection.7.2}{\376\377\116\073\211\201\225\356\230\230\116\016\211\343\121\263\145\271\150\110\154\107\140\073}{section.7}% 33
\BOOKMARK [1][-]{section.8}{\376\377\140\073\176\323\116\016\134\125\147\033}{}% 34
\BOOKMARK [2][-]{subsection.8.1}{\376\377\137\303\137\227\117\123\117\032}{section.8}% 35
\BOOKMARK [2][-]{subsection.8.2}{\376\377\134\125\147\033}{section.8}% 36
\BOOKMARK [1][-]{appendix.A}{\376\377\000A\000I\000\040\117\177\165\050\140\305\121\265}{}% 37
